\BOOKMARK [1][-]{section.1}{\376\377\000C\000l\000a\000s\000s\000\040\0001}{}% 1
\BOOKMARK [2][-]{subsection.1.1}{\376\377\000T\000h\000e\000\040\000s\000a\000m\000p\000l\000e\000\040\000m\000e\000a\000n}{section.1}% 2
\BOOKMARK [2][-]{subsection.1.2}{\376\377\000C\000e\000n\000t\000r\000a\000l\000\040\000L\000i\000m\000i\000t\000\040\000T\000h\000e\000o\000r\000e\000m}{section.1}% 3
\BOOKMARK [1][-]{section.2}{\376\377\000C\000h\000a\000p\000t\000e\000r\000\040\0002}{}% 4
\BOOKMARK [2][-]{subsection.2.1}{\376\377\000B\000r\000e\000a\000k\000d\000o\000w\000n\000\040\000P\000o\000i\000n\000t\000\040\000a\000n\000d\000\040\000E\000f\000f\000i\000c\000i\000e\000n\000c\000y}{section.2}% 5
\BOOKMARK [3][-]{subsubsection.2.1.1}{\376\377\000S\000a\000m\000p\000l\000e\000\040\000a\000n\000d\000\040\000p\000o\000p\000u\000l\000a\000t\000i\000o\000n\000\040\000m\000e\000d\000i\000a\000n}{subsection.2.1}% 6
\BOOKMARK [3][-]{subsubsection.2.1.2}{\376\377\000B\000r\000e\000a\000k\000d\000o\000w\000n\000\040\000p\000o\000i\000n\000t}{subsection.2.1}% 7
\BOOKMARK [3][-]{subsubsection.2.1.3}{\376\377\000E\000f\000f\000i\000c\000i\000e\000n\000c\000y}{subsection.2.1}% 8
\BOOKMARK [1][-]{section.3}{\376\377\000C\000l\000a\000s\000s\000\040\0003}{}% 9
\BOOKMARK [2][-]{subsection.3.1}{\376\377\000C\000o\000n\000v\000e\000r\000g\000e\000n\000c\000e\000\040\000o\000f\000\040\000r\000a\000n\000d\000o\000m\000\040\000v\000a\000r\000i\000a\000b\000l\000e\000s}{section.3}% 10
\BOOKMARK [2][-]{subsection.3.2}{\376\377\000S\000l\000u\000t\000s\000k\000y\000'\000s\000\040\000L\000e\000m\000m\000a\000\040\000a\000n\000d\000\040\000C\000o\000n\000t\000i\000n\000u\000o\000u\000s\000\040\000M\000a\000p\000p\000i\000n\000g\000\040\000T\000h\000e\000o\000r\000e\000m}{section.3}% 11
\BOOKMARK [2][-]{subsection.3.3}{\376\377\000W\000e\000a\000k\000\040\000L\000a\000w\000\040\000o\000f\000\040\000L\000a\000r\000g\000e\000\040\000N\000u\000m\000b\000e\000r\000s\000\040\000a\000n\000d\000\040\000C\000e\000n\000t\000r\000a\000l\000\040\000L\000i\000m\000i\000t\000\040\000T\000h\000e\000o\000r\000e\000m}{section.3}% 12
\BOOKMARK [2][-]{subsection.3.4}{\376\377\000D\000e\000l\000t\000a\000\040\000m\000e\000t\000h\000o\000d}{section.3}% 13
\BOOKMARK [2][-]{subsection.3.5}{\376\377\000M\000u\000l\000t\000i\000v\000a\000r\000i\000a\000t\000e\000\040\000D\000a\000t\000a}{section.3}% 14
\BOOKMARK [2][-]{subsection.3.6}{\376\377\000M\000u\000l\000t\000i\000v\000a\000r\000i\000a\000t\000e\000\040\000N\000o\000r\000m\000a\000l}{section.3}% 15
\BOOKMARK [1][-]{section.4}{\376\377\000C\000l\000a\000s\000s\000\040\0004}{}% 16
\BOOKMARK [2][-]{subsection.4.1}{\376\377\000L\000i\000n\000e\000a\000r\000\040\000A\000l\000g\000e\000b\000r\000a\000\040\000R\000e\000v\000i\000e\000w}{section.4}% 17
\BOOKMARK [3][-]{subsubsection.4.1.1}{\376\377\000P\000o\000s\000i\000t\000i\000v\000e\000\040\000d\000e\000f\000i\000n\000i\000t\000e\000\040\000m\000a\000t\000r\000i\000c\000e\000s}{subsection.4.1}% 18
\BOOKMARK [2][-]{subsection.4.2}{\376\377\000M\000o\000m\000e\000n\000t\000\040\000g\000e\000n\000e\000r\000a\000t\000i\000n\000g\000\040\000f\000u\000n\000c\000t\000i\000o\000n\000s}{section.4}% 19
\BOOKMARK [2][-]{subsection.4.3}{\376\377\000P\000r\000o\000p\000e\000r\000t\000i\000e\000s\000\040\000o\000f\000\040\000t\000h\000e\000\040\000m\000u\000l\000t\000i\000v\000a\000r\000i\000a\000t\000e\000\040\000n\000o\000r\000m\000a\000l}{section.4}% 20
\BOOKMARK [2][-]{subsection.4.4}{\376\377\000S\000a\000m\000p\000l\000e\000\040\000V\000a\000r\000i\000a\000n\000c\000e}{section.4}% 21
\BOOKMARK [1][-]{section.5}{\376\377\000C\000l\000a\000s\000s\000\040\0005}{}% 22
\BOOKMARK [2][-]{subsection.5.1}{\376\377\000C\000h\000i\000-\000s\000q\000u\000a\000r\000e\000d\000\040\000d\000i\000s\000t\000r\000i\000b\000u\000t\000i\000o\000n}{section.5}% 23
\BOOKMARK [2][-]{subsection.5.2}{\376\377\000S\000a\000m\000p\000l\000e\000\040\000V\000a\000r\000i\000a\000n\000c\000e\000,\000\040\000c\000o\000n\000t\000'\000d}{section.5}% 24
\BOOKMARK [2][-]{subsection.5.3}{\376\377\000J\000o\000i\000n\000t\000\040\000d\000i\000s\000t\000r\000i\000b\000u\000t\000i\000o\000n\000\040\000o\000f\000\040\000s\000a\000m\000p\000l\000e\000\040\000m\000e\000a\000n\000\040\000a\000n\000d\000\040\000s\000a\000m\000p\000l\000e\000\040\000v\000a\000r\000i\000a\000n\000c\000e}{section.5}% 25
\BOOKMARK [1][-]{section.6}{\376\377\000C\000l\000a\000s\000s\000\040\0006}{}% 26
\BOOKMARK [2][-]{subsection.6.1}{\376\377\000B\000a\000s\000i\000c\000\040\000F\000r\000a\000m\000e\000w\000o\000r\000k\000\040\000o\000f\000\040\000S\000t\000a\000t\000i\000s\000t\000i\000c\000a\000l\000\040\000E\000s\000t\000i\000m\000a\000t\000i\000o\000n}{section.6}% 27
\BOOKMARK [2][-]{subsection.6.2}{\376\377\000P\000r\000o\000p\000e\000r\000t\000i\000e\000s\000\040\000o\000f\000\040\000E\000s\000t\000i\000m\000a\000t\000o\000r\000s}{section.6}% 28
\BOOKMARK [1][-]{section.7}{\376\377\000C\000l\000a\000s\000s\000\040\0007}{}% 29
\BOOKMARK [2][-]{subsection.7.1}{\376\377\000C\000o\000n\000s\000i\000s\000t\000e\000n\000c\000y}{section.7}% 30
\BOOKMARK [2][-]{subsection.7.2}{\376\377\000M\000e\000t\000h\000o\000d\000\040\000o\000f\000\040\000m\000o\000m\000e\000n\000t\000s\000\040\000e\000s\000t\000i\000m\000a\000t\000i\000o\000n}{section.7}% 31
\BOOKMARK [1][-]{section.8}{\376\377\000C\000l\000a\000s\000s\000\040\0008}{}% 32
\BOOKMARK [2][-]{subsection.8.1}{\376\377\000M\000a\000x\000i\000m\000u\000m\000\040\000L\000i\000k\000e\000l\000i\000h\000o\000o\000d\000\040\000E\000s\000t\000i\000m\000a\000t\000i\000o\000n}{section.8}% 33
\BOOKMARK [1][-]{section.9}{\376\377\000C\000l\000a\000s\000s\000\040\0009}{}% 34
\BOOKMARK [2][-]{subsection.9.1}{\376\377\000F\000i\000s\000h\000e\000r\000\040\000I\000n\000f\000o\000r\000m\000a\000t\000i\000o\000n}{section.9}% 35
\BOOKMARK [2][-]{subsection.9.2}{\376\377\000A\000s\000y\000m\000p\000t\000o\000t\000i\000c\000\040\000p\000r\000o\000p\000e\000r\000t\000i\000e\000s\000\040\000o\000f\000\040\000t\000h\000e\000\040\000M\000L\000E\000\040\000e\000s\000t\000i\000m\000a\000t\000o\000r}{section.9}% 36
\BOOKMARK [2][-]{subsection.9.3}{\376\377\000A\000s\000y\000m\000p\000t\000o\000t\000i\000c\000\040\000p\000r\000o\000p\000e\000r\000t\000i\000e\000s\000\040\000o\000f\000\040\000t\000h\000e\000\040\000M\000L\000E\000\040\000e\000s\000t\000i\000m\000a\000t\000o\000r\000\040\000f\000o\000r\000\040\000m\000u\000l\000t\000i\000p\000l\000e\000\040\000p\000a\000r\000a\000m\000e\000t\000e\000r\000s}{section.9}% 37
\BOOKMARK [1][-]{section.10}{\376\377\000C\000l\000a\000s\000s\000\040\0001\0000}{}% 38
\BOOKMARK [2][-]{subsection.10.1}{\376\377\000C\000r\000a\000m\000e\000r\000-\000R\000a\000o\000\040\000L\000o\000w\000e\000r\000\040\000B\000o\000u\000n\000d}{section.10}% 39
\BOOKMARK [2][-]{subsection.10.2}{\376\377\000S\000i\000m\000p\000l\000e\000\040\000L\000i\000n\000e\000a\000r\000\040\000R\000e\000g\000r\000e\000s\000s\000i\000o\000n}{section.10}% 40
\BOOKMARK [3][-]{subsubsection.10.2.1}{\376\377\000E\000s\000t\000i\000m\000a\000t\000i\000n\000g\000\040\0000\000,\000\040\0001}{subsection.10.2}% 41
\BOOKMARK [3][-]{subsubsection.10.2.2}{\376\377\000E\000s\000t\000i\000m\000a\000t\000i\000n\000g\000\040\000v\000a\000r\000i\000a\000n\000c\000e}{subsection.10.2}% 42
\BOOKMARK [3][-]{subsubsection.10.2.3}{\376\377\000F\000a\000c\000t\000s\000\040\000a\000b\000o\000u\000t\000\040\000L\000e\000a\000s\000t\000\040\000S\000q\000u\000a\000r\000e\000\040\000E\000s\000t\000i\000m\000a\000t\000e\000s}{subsection.10.2}% 43
\BOOKMARK [1][-]{section.11}{\376\377\000C\000l\000a\000s\000s\000\040\0001\0001}{}% 44
\BOOKMARK [2][-]{subsection.11.1}{\376\377\000L\000e\000a\000s\000t\000\040\000A\000b\000s\000o\000l\000u\000t\000e\000\040\000D\000e\000v\000i\000a\000t\000i\000o\000n\000\040\000L\000i\000n\000e}{section.11}% 45
\BOOKMARK [1][-]{section.12}{\376\377\000C\000l\000a\000s\000s\000\040\0001\0002}{}% 46
\BOOKMARK [2][-]{subsection.12.1}{\376\377\000C\000o\000n\000f\000i\000d\000e\000n\000c\000e\000\040\000I\000n\000t\000e\000r\000v\000a\000l\000s}{section.12}% 47
\BOOKMARK [3][-]{subsubsection.12.1.1}{\376\377\000E\000x\000a\000c\000t\000\040\000C\000o\000n\000f\000i\000d\000e\000n\000c\000e\000\040\000I\000n\000t\000e\000r\000v\000a\000l\000s}{subsection.12.1}% 48
\BOOKMARK [3][-]{subsubsection.12.1.2}{\376\377\000A\000s\000y\000m\000p\000t\000o\000t\000i\000c\000\040\000C\000o\000n\000f\000i\000d\000e\000n\000c\000e\000\040\000I\000n\000t\000e\000r\000v\000a\000l\000s}{subsection.12.1}% 49
\BOOKMARK [1][-]{section.13}{\376\377\000C\000l\000a\000s\000s\000\040\0001\0003}{}% 50
\BOOKMARK [2][-]{subsection.13.1}{\376\377\000P\000r\000o\000o\000f\000\040\000o\000f\000\040\000W\000e\000a\000k\000\040\000o\000f\000\040\000L\000a\000w\000\040\000o\000f\000\040\000L\000a\000r\000g\000e\000\040\000N\000u\000m\000b\000e\000r\000s\000\040\000w\000i\000t\000h\000o\000u\000t\000\040\000f\000i\000n\000i\000t\000e\000\040\000v\000a\000r\000i\000a\000n\000c\000e}{section.13}% 51
\BOOKMARK [1][-]{section.14}{\376\377\000C\000l\000a\000s\000s\000\040\0001\0004}{}% 52
\BOOKMARK [2][-]{subsection.14.1}{\376\377\000H\000y\000p\000o\000t\000h\000e\000s\000i\000s\000\040\000t\000e\000s\000t\000i\000n\000g}{section.14}% 53
\BOOKMARK [3][-]{subsubsection.14.1.1}{\376\377\000L\000i\000k\000e\000l\000i\000h\000o\000o\000d\000\040\000R\000a\000t\000i\000o\000\040\000T\000e\000s\000t\000\040\000a\000n\000d\000\040\000N\000e\000y\000m\000a\000n\000-\000P\000e\000a\000r\000s\000o\000n\000\040\000L\000e\000m\000m\000a}{subsection.14.1}% 54
\BOOKMARK [3][-]{subsubsection.14.1.2}{\376\377\000O\000n\000e\000\040\000s\000i\000d\000e\000d\000\040\000c\000o\000m\000p\000o\000s\000i\000t\000e\000\040\000h\000y\000p\000o\000t\000h\000e\000s\000i\000s\000\040\000a\000n\000d\000\040\000U\000M\000P\000\040\000t\000e\000s\000t\000s}{subsection.14.1}% 55
\BOOKMARK [1][-]{section.15}{\376\377\000C\000l\000a\000s\000s\000\040\0001\0005}{}% 56
\BOOKMARK [2][-]{subsection.15.1}{\376\377\000G\000e\000n\000e\000r\000a\000l\000i\000z\000e\000d\000\040\000L\000i\000k\000e\000l\000i\000h\000o\000o\000d\000\040\000R\000a\000t\000i\000o\000\040\000T\000e\000s\000t}{section.15}% 57
\BOOKMARK [2][-]{subsection.15.2}{\376\377\000A\000s\000y\000m\000p\000t\000o\000t\000i\000c\000\040\000d\000i\000s\000t\000r\000i\000b\000u\000t\000i\000o\000n\000\040\000o\000f\000\040\000t\000h\000e\000\040\000G\000L\000R\000T}{section.15}% 58
\BOOKMARK [2][-]{subsection.15.3}{\376\377\000G\000L\000R\000T\000\040\000f\000o\000r\000\040\000s\000u\000b\000m\000o\000d\000e\000l\000s}{section.15}% 59
\BOOKMARK [1][-]{section.16}{\376\377\000L\000e\000c\000t\000u\000r\000e\000\040\0001\0006}{}% 60
\BOOKMARK [2][-]{subsection.16.1}{\376\377\000G\000L\000R\000T\000\040\000f\000o\000r\000\040\000s\000u\000b\000m\000o\000d\000e\000l\000s\000,\000\040\000c\000o\000n\000t\000'\000d}{section.16}% 61
\BOOKMARK [1][-]{section.17}{\376\377\000C\000l\000a\000s\000s\000\040\0001\0007}{}% 62
\BOOKMARK [1][-]{section.18}{\376\377\000C\000l\000a\000s\000s\000\040\0001\0008}{}% 63
\BOOKMARK [1][-]{section.19}{\376\377\000C\000l\000a\000s\000s\000\040\0001\0009}{}% 64
\BOOKMARK [2][-]{subsection.19.1}{\376\377\000C\000o\000m\000p\000a\000r\000i\000s\000o\000n\000\040\000o\000f\000\040\000c\000o\000n\000f\000i\000d\000e\000n\000c\000e\000\040\000i\000n\000t\000e\000r\000v\000a\000l\000s}{section.19}% 65
\BOOKMARK [2][-]{subsection.19.2}{\376\377\000C\000o\000n\000f\000i\000d\000e\000n\000c\000e\000\040\000s\000e\000t}{section.19}% 66
\BOOKMARK [2][-]{subsection.19.3}{\376\377\000H\000y\000p\000o\000t\000h\000e\000s\000i\000s\000\040\000t\000e\000s\000t\000s}{section.19}% 67
\BOOKMARK [3][-]{subsubsection.19.3.1}{\376\377\000S\000i\000m\000p\000l\000e\000\040\000v\000s\000\040\000s\000i\000m\000p\000l\000e}{subsection.19.3}% 68
\BOOKMARK [3][-]{subsubsection.19.3.2}{\376\377\000S\000i\000m\000p\000l\000e\000\040\000v\000s\000\040\000c\000o\000m\000p\000o\000s\000i\000t\000e}{subsection.19.3}% 69
\BOOKMARK [3][-]{subsubsection.19.3.3}{\376\377\000C\000o\000m\000p\000o\000s\000i\000t\000e\000\040\000v\000s\000\040\000c\000o\000m\000p\000o\000s\000i\000t\000e}{subsection.19.3}% 70
\BOOKMARK [3][-]{subsubsection.19.3.4}{\376\377\000A\000s\000y\000m\000p\000t\000o\000t\000i\000c\000\040\000p\000o\000w\000e\000r\000\040\000o\000f\000\040\000t\000e\000s\000t\000s}{subsection.19.3}% 71
